GROUP,PACKAGE,CLASS,INSTRUCTION_MISSED,INSTRUCTION_COVERED,BRANCH_MISSED,BRANCH_COVERED,LINE_MISSED,LINE_COVERED,COMPLEXITY_MISSED,COMPLEXITY_COVERED,METHOD_MISSED,METHOD_COVERED
Minesweeper,com.tsi.training.charlie_gilliland.minesweeper,Grid,192,169,34,27,37,30,28,16,6,6
Minesweeper,com.tsi.training.charlie_gilliland.minesweeper,Main,201,0,20,0,58,0,12,0,2,0
Minesweeper,com.tsi.training.charlie_gilliland.minesweeper,Player,67,0,6,0,23,0,12,0,9,0
Minesweeper,com.tsi.training.charlie_gilliland.minesweeper,Tile,24,27,4,0,9,12,6,6,4,6
