GROUP,PACKAGE,CLASS,INSTRUCTION_MISSED,INSTRUCTION_COVERED,BRANCH_MISSED,BRANCH_COVERED,LINE_MISSED,LINE_COVERED,COMPLEXITY_MISSED,COMPLEXITY_COVERED,METHOD_MISSED,METHOD_COVERED
Minesweeper,com.tsi.training.charlie_gilliland.minesweeper,Grid,67,316,15,50,14,57,13,33,0,12
Minesweeper,com.tsi.training.charlie_gilliland.minesweeper,Main,152,0,10,0,44,0,8,0,3,0
Minesweeper,com.tsi.training.charlie_gilliland.minesweeper,Player,14,53,1,5,5,18,5,7,4,5
Minesweeper,com.tsi.training.charlie_gilliland.minesweeper,GameOptions,15,0,0,0,6,0,1,0,1,0
Minesweeper,com.tsi.training.charlie_gilliland.minesweeper,Tile,5,51,1,5,2,21,2,11,1,9
Minesweeper,com.tsi.training.charlie_gilliland.minesweeper,Game,124,0,16,0,30,0,13,0,5,0
Minesweeper,com.tsi.training.charlie_gilliland.minesweeper,TurnChoices,12,0,0,0,5,0,1,0,1,0
