-------------------------------------------------------------------------------
Test set: com.tsi.training.charlie_gilliland.minesweeper.tests.GridTest
-------------------------------------------------------------------------------
Tests run: 8, Failures: 1, Errors: 0, Skipped: 0, Time elapsed: 0.031 sec <<< FAILURE!
com.tsi.training.charlie_gilliland.minesweeper.tests.GridTest.testCheckFlaggedCorrect()  Time elapsed: 0.012 sec  <<< FAILURE!
org.opentest4j.AssertionFailedError: expected: <true> but was: <false>
	at org.junit.jupiter.api.AssertionUtils.fail(AssertionUtils.java:55)
	at org.junit.jupiter.api.AssertTrue.assertTrue(AssertTrue.java:40)
	at org.junit.jupiter.api.AssertTrue.assertTrue(AssertTrue.java:35)
	at org.junit.jupiter.api.Assertions.assertTrue(Assertions.java:179)
	at com.tsi.training.charlie_gilliland.minesweeper.tests.GridTest.testCheckFlaggedCorrect(GridTest.java:103)

