<?xml version="1.0" encoding="UTF-8" ?>
<testsuite tests="10" failures="0" name="com.tsi.training.charlie_gilliland.minesweeper.tests.GridTest" time="0.02" errors="0" skipped="0">
  <properties>
[...]
</properties>
  <testcase classname="com.tsi.training.charlie_gilliland.minesweeper.tests.GridTest" name="com.tsi.training.charlie_gilliland.minesweeper.tests.GridTest.testSetDifficulty" time="0.013"/>
  <testcase classname="com.tsi.training.charlie_gilliland.minesweeper.tests.GridTest" name="com.tsi.training.charlie_gilliland.minesweeper.tests.GridTest.testToString" time="0.004"/>
  <testcase classname="com.tsi.training.charlie_gilliland.minesweeper.tests.GridTest" name="com.tsi.training.charlie_gilliland.minesweeper.tests.GridTest.testAssignBombs" time="0"/>
  <testcase classname="com.tsi.training.charlie_gilliland.minesweeper.tests.GridTest" name="com.tsi.training.charlie_gilliland.minesweeper.tests.GridTest.testGetWholeGrid" time="0"/>
  <testcase classname="com.tsi.training.charlie_gilliland.minesweeper.tests.GridTest" name="com.tsi.training.charlie_gilliland.minesweeper.tests.GridTest.testPopulateGrid" time="0.001"/>
  <testcase classname="com.tsi.training.charlie_gilliland.minesweeper.tests.GridTest" name="com.tsi.training.charlie_gilliland.minesweeper.tests.GridTest.testGetAndSetTotalBombs" time="0"/>
  <testcase classname="com.tsi.training.charlie_gilliland.minesweeper.tests.GridTest" name="com.tsi.training.charlie_gilliland.minesweeper.tests.GridTest.testShowAdjacentCleared" time="0"/>
  <testcase classname="com.tsi.training.charlie_gilliland.minesweeper.tests.GridTest" name="com.tsi.training.charlie_gilliland.minesweeper.tests.GridTest.testCheckBoardCleared" time="0.002"/>
  <testcase classname="com.tsi.training.charlie_gilliland.minesweeper.tests.GridTest" name="com.tsi.training.charlie_gilliland.minesweeper.tests.GridTest.testShowsBombsNearby" time="0"/>
  <testcase classname="com.tsi.training.charlie_gilliland.minesweeper.tests.GridTest" name="com.tsi.training.charlie_gilliland.minesweeper.tests.GridTest.testCheckFlaggedCorrect" time="0"/>
</testsuite>